<?xml version="1.0" encoding="UTF-8"?>
<!-- Generated by org.testng.reporters.JUnitReportReporter -->
<testsuite skipped="0" hostname="Admin-PC" name="Tests.ToDoMvcTests" tests="5" failures="0" timestamp="26 Feb 2020 10:36:55 GMT" time="4.385" errors="0">
  <testcase name="removesTodoItem" time="1.096" classname="Tests.ToDoMvcTests"/>
  <testcase name="createTodoItem" time="1.336" classname="Tests.ToDoMvcTests"/>
  <testcase name="editsTodo" time="1.066" classname="Tests.ToDoMvcTests"/>
  <testcase name="CompleteATodoItem" time="0.691" classname="Tests.ToDoMvcTests"/>
  <testcase name="showCompleted" time="0.196" classname="Tests.ToDoMvcTests"/>
</testsuite> <!-- Tests.ToDoMvcTests -->
