<?xml version="1.0" encoding="UTF-8"?>
<!-- Generated by org.testng.reporters.JUnitReportReporter -->
<testsuite skipped="0" hostname="Admin-PC" name="Tests.NewTest" tests="1" failures="0" timestamp="23 Feb 2020 08:26:21 GMT" time="0.693" errors="0">
  <testcase name="createTodoItem" time="0.693" classname="Tests.NewTest"/>
</testsuite> <!-- Tests.NewTest -->
